2023-08-04 14:46:51,716 - INFO - Line 28 - Entering start_spark method.
2023-08-04 14:47:06,489 - INFO - Line 50 - Configured the Spark for the specified dependencies
2023-08-04 14:47:06,502 - INFO - Line 30 - Spark Session Initialized.
2023-08-04 14:47:06,502 - INFO - Line 16 - Generating bridge data for subcategories and products.
2023-08-04 14:47:13,559 - INFO - Line 36 - Bridge data generated successfully.
2023-08-04 14:47:23,858 - INFO - Line 134 - Data written to file.
------------------------------------------------------------------------------------------------------------------------------------------------------
2023-08-08 16:29:27,135 - INFO - Line 29 - Entering start_spark method.
2023-08-08 16:29:38,046 - INFO - Line 51 - Configured the Spark for the specified dependencies
2023-08-08 16:29:38,048 - INFO - Line 31 - Spark Session Initialized.
2023-08-08 16:29:38,050 - INFO - Line 16 - Generating bridge data for subcategories and products.
2023-08-08 16:29:44,475 - INFO - Line 36 - Bridge data generated successfully.
2023-08-08 16:29:56,136 - INFO - Line 145 - Data written to Bridgesubcatproduct2 file.
------------------------------------------------------------------------------------------------------------------------------------------------------
2023-08-09 09:44:58,291 - INFO - Line 29 - Entering start_spark method.
2023-08-09 09:45:17,071 - INFO - Line 51 - Configured the Spark for the specified dependencies
2023-08-09 09:45:17,071 - INFO - Line 31 - Spark Session Initialized.
2023-08-09 09:45:17,071 - INFO - Line 16 - Generating bridge data for subcategories and products.
2023-08-09 09:45:29,903 - INFO - Line 36 - Bridge data generated successfully.
2023-08-09 09:45:48,319 - INFO - Line 145 - Data written to Bridgesubcatproduct2 file.
------------------------------------------------------------------------------------------------------------------------------------------------------
2023-08-09 13:50:21,252 - INFO - Line 29 - Entering start_spark method.
2023-08-09 13:50:45,821 - INFO - Line 51 - Configured the Spark for the specified dependencies
2023-08-09 13:50:45,821 - INFO - Line 31 - Spark Session Initialized.
2023-08-09 13:50:45,821 - INFO - Line 16 - Generating bridge data for subcategories and products.
2023-08-09 13:50:52,014 - INFO - Line 36 - Bridge data generated successfully.
2023-08-09 13:51:04,123 - INFO - Line 145 - Data written to Bridgesubcatproduct2 file.
------------------------------------------------------------------------------------------------------------------------------------------------------
2023-08-09 13:57:39,503 - INFO - Line 29 - Entering start_spark method.
2023-08-09 13:57:54,235 - INFO - Line 51 - Configured the Spark for the specified dependencies
2023-08-09 13:57:54,235 - INFO - Line 31 - Spark Session Initialized.
2023-08-09 13:57:54,235 - INFO - Line 16 - Generating bridge data for subcategories and products.
2023-08-09 13:58:01,782 - INFO - Line 36 - Bridge data generated successfully.
2023-08-09 13:58:10,760 - INFO - Line 145 - Data written to Bridgesubcatproduct2 file.
------------------------------------------------------------------------------------------------------------------------------------------------------
2023-08-09 14:25:03,590 - INFO - Line 29 - Entering start_spark method.
2023-08-09 14:25:17,557 - INFO - Line 51 - Configured the Spark for the specified dependencies
2023-08-09 14:25:17,557 - INFO - Line 31 - Spark Session Initialized.
2023-08-09 14:25:17,557 - INFO - Line 16 - Generating bridge data for subcategories and products.
2023-08-09 14:25:23,123 - INFO - Line 36 - Bridge data generated successfully.
2023-08-09 14:25:33,212 - INFO - Line 145 - Data written to Bridgesubcatproduct2 file.
------------------------------------------------------------------------------------------------------------------------------------------------------
2023-08-09 14:34:46,464 - INFO - Line 29 - Entering start_spark method.
2023-08-09 14:35:00,327 - INFO - Line 51 - Configured the Spark for the specified dependencies
2023-08-09 14:35:00,327 - INFO - Line 31 - Spark Session Initialized.
2023-08-09 14:35:00,327 - INFO - Line 16 - Generating bridge data for subcategories and products.
2023-08-09 14:35:06,139 - INFO - Line 36 - Bridge data generated successfully.
2023-08-09 14:35:16,958 - INFO - Line 145 - Data written to Bridgesubcatproduct2 file.
------------------------------------------------------------------------------------------------------------------------------------------------------
