2023-08-04 15:31:02,703 - INFO - Line 28 - Entering start_spark method.
2023-08-04 15:31:17,858 - INFO - Line 50 - Configured the Spark for the specified dependencies
2023-08-04 15:31:17,859 - INFO - Line 30 - Spark Session Initialized.
2023-08-04 15:31:25,711 - INFO - Line 100 - Data read from JDBC source for DimDate
2023-08-04 15:31:25,712 - INFO - Line 17 - Generating date data and combining it with the existing data.
2023-08-04 15:31:29,656 - INFO - Line 174 - Date data generated successfully and combined with the existing data.
2023-08-04 15:31:42,275 - INFO - Line 134 - Data written to file.
------------------------------------------------------------------------------------------------------------------------------------------------------
2023-08-04 15:32:02,969 - INFO - Line 28 - Entering start_spark method.
2023-08-04 15:32:19,027 - INFO - Line 50 - Configured the Spark for the specified dependencies
2023-08-04 15:32:19,028 - INFO - Line 30 - Spark Session Initialized.
2023-08-04 15:32:29,464 - INFO - Line 100 - Data read from JDBC source for DimDate
2023-08-04 15:32:29,465 - INFO - Line 17 - Generating date data and combining it with the existing data.
2023-08-04 15:32:36,342 - INFO - Line 174 - Date data generated successfully and combined with the existing data.
2023-08-04 15:32:53,496 - INFO - Line 134 - Data written to file.
------------------------------------------------------------------------------------------------------------------------------------------------------
2023-08-09 14:00:12,479 - INFO - Line 29 - Entering start_spark method.
2023-08-09 14:00:26,920 - INFO - Line 51 - Configured the Spark for the specified dependencies
2023-08-09 14:00:26,920 - INFO - Line 31 - Spark Session Initialized.
2023-08-09 14:00:33,881 - INFO - Line 107 - Data read from JDBC source for DimDate
2023-08-09 14:00:33,881 - INFO - Line 27 - Generating date data and combining it with the existing data.
2023-08-09 14:00:37,446 - INFO - Line 184 - Date data generated successfully and combined with the existing data.
2023-08-09 14:00:47,693 - INFO - Line 145 - Data written to DimDate file.
------------------------------------------------------------------------------------------------------------------------------------------------------
2023-08-09 14:27:43,795 - INFO - Line 29 - Entering start_spark method.
2023-08-09 14:27:58,213 - INFO - Line 51 - Configured the Spark for the specified dependencies
2023-08-09 14:27:58,215 - INFO - Line 31 - Spark Session Initialized.
2023-08-09 14:28:05,180 - INFO - Line 107 - Data read from JDBC source for DimDate
2023-08-09 14:28:05,180 - INFO - Line 27 - Generating date data and combining it with the existing data.
2023-08-09 14:28:08,639 - INFO - Line 184 - Date data generated successfully and combined with the existing data.
2023-08-09 14:28:19,578 - INFO - Line 145 - Data written to DimDate file.
------------------------------------------------------------------------------------------------------------------------------------------------------
2023-08-09 14:37:23,903 - INFO - Line 29 - Entering start_spark method.
2023-08-09 14:37:37,272 - INFO - Line 51 - Configured the Spark for the specified dependencies
2023-08-09 14:37:37,272 - INFO - Line 31 - Spark Session Initialized.
2023-08-09 14:37:44,575 - INFO - Line 107 - Data read from JDBC source for DimDate
2023-08-09 14:37:44,575 - INFO - Line 27 - Generating date data and combining it with the existing data.
2023-08-09 14:37:48,315 - INFO - Line 184 - Date data generated successfully and combined with the existing data.
2023-08-09 14:37:58,118 - INFO - Line 145 - Data written to DimDate file.
------------------------------------------------------------------------------------------------------------------------------------------------------
