2023-08-04 15:44:56,979 - INFO - Line 28 - Entering start_spark method.
2023-08-04 15:45:12,190 - INFO - Line 50 - Configured the Spark for the specified dependencies
2023-08-04 15:45:12,191 - INFO - Line 30 - Spark Session Initialized.
2023-08-04 15:45:19,674 - INFO - Line 100 - Data read from JDBC source for DimPromotion
2023-08-04 15:45:19,675 - INFO - Line 24 - Generating promotion data and combining it with the existing data.
2023-08-04 15:45:25,515 - INFO - Line 59 - Promotion data generated successfully and combined with the existing data.
2023-08-04 15:45:34,706 - INFO - Line 134 - Data written to file.
------------------------------------------------------------------------------------------------------------------------------------------------------
2023-08-07 13:57:45,832 - INFO - Line 28 - Entering start_spark method.
2023-08-07 13:58:06,261 - INFO - Line 50 - Configured the Spark for the specified dependencies
2023-08-07 13:58:06,262 - INFO - Line 30 - Spark Session Initialized.
2023-08-07 13:58:16,721 - INFO - Line 100 - Data read from JDBC source for DimPromotion
2023-08-07 13:58:16,722 - INFO - Line 23 - Generating promotion data and combining it with the existing data.
2023-08-07 13:58:25,128 - INFO - Line 58 - Promotion data generated successfully and combined with the existing data.
2023-08-07 13:58:38,777 - INFO - Line 134 - Data written to file.
------------------------------------------------------------------------------------------------------------------------------------------------------
2023-08-09 14:02:38,058 - INFO - Line 29 - Entering start_spark method.
2023-08-09 14:02:53,124 - INFO - Line 51 - Configured the Spark for the specified dependencies
2023-08-09 14:02:53,124 - INFO - Line 31 - Spark Session Initialized.
2023-08-09 14:02:59,436 - INFO - Line 107 - Data read from JDBC source for DimPromotion
2023-08-09 14:02:59,437 - INFO - Line 30 - Generating promotion data and combining it with the existing data.
2023-08-09 14:03:04,472 - INFO - Line 65 - Promotion data generated successfully and combined with the existing data.
2023-08-09 14:03:12,723 - INFO - Line 145 - Data written to DimPromotion file.
------------------------------------------------------------------------------------------------------------------------------------------------------
2023-08-09 14:39:55,154 - INFO - Line 29 - Entering start_spark method.
2023-08-09 14:40:09,847 - INFO - Line 51 - Configured the Spark for the specified dependencies
2023-08-09 14:40:09,847 - INFO - Line 31 - Spark Session Initialized.
2023-08-09 14:40:17,759 - INFO - Line 107 - Data read from JDBC source for DimPromotion
2023-08-09 14:40:17,759 - INFO - Line 30 - Generating promotion data and combining it with the existing data.
2023-08-09 14:40:24,171 - INFO - Line 65 - Promotion data generated successfully and combined with the existing data.
2023-08-09 14:40:34,345 - INFO - Line 145 - Data written to DimPromotion file.
------------------------------------------------------------------------------------------------------------------------------------------------------
2023-08-11 10:11:45,220 - INFO - Line 29 - Entering start_spark method.
2023-08-11 10:12:01,612 - INFO - Line 51 - Configured the Spark for the specified src.dependencies
2023-08-11 10:12:01,612 - INFO - Line 31 - Spark Session Initialized.
2023-08-11 10:12:11,261 - INFO - Line 107 - Data read from JDBC source for DimPromotion
2023-08-11 10:12:11,261 - INFO - Line 30 - Generating promotion data and combining it with the existing data.
2023-08-11 10:12:18,485 - INFO - Line 65 - Promotion data generated successfully and combined with the existing data.
2023-08-11 10:12:31,356 - INFO - Line 145 - Data written to DimPromotion file.
------------------------------------------------------------------------------------------------------------------------------------------------------
