2023-08-06 21:06:30,912 - INFO - Line 28 - Entering start_spark method.
2023-08-06 21:06:42,653 - INFO - Line 50 - Configured the Spark for the specified dependencies
2023-08-06 21:06:42,654 - INFO - Line 30 - Spark Session Initialized.
2023-08-06 21:06:48,642 - ERROR - Line 107 - Error while reading data: [UNABLE_TO_INFER_SCHEMA] Unable to infer schema for Parquet. It must be specified manually.
------------------------------------------------------------------------------------------------------------------------------------------------------
2023-08-09 14:00:49,008 - INFO - Line 29 - Entering start_spark method.
2023-08-09 14:01:03,615 - INFO - Line 51 - Configured the Spark for the specified dependencies
2023-08-09 14:01:03,615 - INFO - Line 31 - Spark Session Initialized.
2023-08-09 14:01:10,143 - INFO - Line 107 - Data read from JDBC source for DimEmployee
------------------------------------------------------------------------------------------------------------------------------------------------------
2023-08-09 14:28:20,950 - INFO - Line 29 - Entering start_spark method.
2023-08-09 14:28:36,029 - INFO - Line 51 - Configured the Spark for the specified dependencies
2023-08-09 14:28:36,029 - INFO - Line 31 - Spark Session Initialized.
2023-08-09 14:28:43,291 - INFO - Line 107 - Data read from JDBC source for DimEmployee
------------------------------------------------------------------------------------------------------------------------------------------------------
2023-08-09 14:37:59,380 - INFO - Line 29 - Entering start_spark method.
2023-08-09 14:38:13,504 - INFO - Line 51 - Configured the Spark for the specified dependencies
2023-08-09 14:38:13,504 - INFO - Line 31 - Spark Session Initialized.
2023-08-09 14:38:20,303 - INFO - Line 107 - Data read from JDBC source for DimEmployee
------------------------------------------------------------------------------------------------------------------------------------------------------
