2023-08-05 14:51:31,127 - INFO - Line 28 - Entering start_spark method.
2023-08-05 14:51:54,512 - INFO - Line 50 - Configured the Spark for the specified dependencies
2023-08-05 14:51:54,512 - INFO - Line 30 - Spark Session Initialized.
2023-08-05 14:52:06,736 - INFO - Line 100 - Data read from JDBC source for DimGeography
2023-08-05 14:52:06,744 - INFO - Line 23 - Generating Geography data and combining it with the existing data.
2023-08-05 14:52:17,965 - INFO - Line 68 - Geography data generated Successfully and combined with the existing data.
2023-08-05 14:52:37,347 - INFO - Line 134 - Data written to file.
------------------------------------------------------------------------------------------------------------------------------------------------------
2023-08-05 17:09:15,186 - INFO - Line 28 - Entering start_spark method.
2023-08-05 17:09:36,880 - INFO - Line 50 - Configured the Spark for the specified dependencies
2023-08-05 17:09:36,880 - INFO - Line 30 - Spark Session Initialized.
2023-08-05 17:09:49,108 - INFO - Line 100 - Data read from JDBC source for DimGeography
2023-08-05 17:09:49,108 - INFO - Line 23 - Generating Geography data and combining it with the existing data.
2023-08-05 17:10:00,307 - INFO - Line 68 - Geography data generated Successfully and combined with the existing data.
2023-08-05 17:10:16,942 - INFO - Line 134 - Data written to file.
------------------------------------------------------------------------------------------------------------------------------------------------------
2023-08-09 14:01:11,383 - INFO - Line 29 - Entering start_spark method.
2023-08-09 14:01:24,385 - INFO - Line 51 - Configured the Spark for the specified dependencies
2023-08-09 14:01:24,385 - INFO - Line 31 - Spark Session Initialized.
2023-08-09 14:01:30,362 - INFO - Line 107 - Data read from JDBC source for DimGeography
2023-08-09 14:01:30,362 - INFO - Line 29 - Generating Geography data and combining it with the existing data.
2023-08-09 14:01:36,058 - INFO - Line 74 - Geography data generated Successfully and combined with the existing data.
2023-08-09 14:01:45,558 - INFO - Line 145 - Data written to DimGeography file.
------------------------------------------------------------------------------------------------------------------------------------------------------
2023-08-09 14:28:44,408 - INFO - Line 29 - Entering start_spark method.
2023-08-09 14:28:58,622 - INFO - Line 51 - Configured the Spark for the specified dependencies
2023-08-09 14:28:58,622 - INFO - Line 31 - Spark Session Initialized.
2023-08-09 14:29:04,903 - INFO - Line 107 - Data read from JDBC source for DimGeography
2023-08-09 14:29:04,903 - INFO - Line 29 - Generating Geography data and combining it with the existing data.
2023-08-09 14:29:11,319 - INFO - Line 74 - Geography data generated Successfully and combined with the existing data.
2023-08-09 14:29:22,184 - INFO - Line 145 - Data written to DimGeography file.
------------------------------------------------------------------------------------------------------------------------------------------------------
2023-08-09 14:38:21,519 - INFO - Line 29 - Entering start_spark method.
2023-08-09 14:38:35,162 - INFO - Line 51 - Configured the Spark for the specified dependencies
2023-08-09 14:38:35,162 - INFO - Line 31 - Spark Session Initialized.
2023-08-09 14:38:41,965 - INFO - Line 107 - Data read from JDBC source for DimGeography
2023-08-09 14:38:41,966 - INFO - Line 29 - Generating Geography data and combining it with the existing data.
2023-08-09 14:38:48,072 - INFO - Line 74 - Geography data generated Successfully and combined with the existing data.
2023-08-09 14:38:59,226 - INFO - Line 145 - Data written to DimGeography file.
------------------------------------------------------------------------------------------------------------------------------------------------------
